<?xml version="1.0" encoding="UTF-8"?>
<!-- Generated by org.testng.reporters.JUnitReportReporter -->
<testsuite skipped="0" hostname="LAPTOP-SG4KQSGL" name="com.test.TestNgBasics" tests="2" failures="0" timestamp="28 Mar 2018 12:35:52 GMT" time="0.176" errors="0">
  <testcase name="search" time="0.094" classname="com.test.TestNgBasics"/>
  <testcase name="GoogleTitletest" time="0.082" classname="com.test.TestNgBasics"/>
</testsuite> <!-- com.test.TestNgBasics -->
