<?xml version="1.0" encoding="UTF-8"?>
<!-- Generated by org.testng.reporters.JUnitReportReporter -->
<testsuite skipped="0" hostname="LAPTOP-SG4KQSGL" name="com.Parameteres.ParameterTestClass" tests="1" failures="0" timestamp="29 Mar 2018 00:24:35 GMT" time="10.076" errors="0">
  <testcase name="YahooLoginTest" time="10.076" classname="com.Parameteres.ParameterTestClass"/>
</testsuite> <!-- com.Parameteres.ParameterTestClass -->
