<?xml version="1.0" encoding="UTF-8"?>
<!-- Generated by org.testng.reporters.JUnitReportReporter -->
<testsuite skipped="0" hostname="LAPTOP-SG4KQSGL" name="com.test.InvocationTest" tests="10" failures="0" timestamp="28 Mar 2018 12:35:52 GMT" time="0.203" errors="0">
  <testcase name="sum" time="0.003" classname="com.test.InvocationTest"/>
  <testcase name="sum" time="0.007" classname="com.test.InvocationTest"/>
  <testcase name="sum" time="0.019" classname="com.test.InvocationTest"/>
  <testcase name="sum" time="0.054" classname="com.test.InvocationTest"/>
  <testcase name="sum" time="0.039" classname="com.test.InvocationTest"/>
  <testcase name="sum" time="0.008" classname="com.test.InvocationTest"/>
  <testcase name="sum" time="0.010" classname="com.test.InvocationTest"/>
  <testcase name="sum" time="0.032" classname="com.test.InvocationTest"/>
  <testcase name="sum" time="0.029" classname="com.test.InvocationTest"/>
  <testcase name="sum" time="0.002" classname="com.test.InvocationTest"/>
</testsuite> <!-- com.test.InvocationTest -->
