<?xml version="1.0" encoding="UTF-8"?>
<!-- Generated by org.testng.reporters.JUnitReportReporter -->
<testsuite skipped="0" hostname="LAPTOP-SG4KQSGL" name="com.test.TitleTest" tests="1" failures="0" timestamp="28 Mar 2018 12:35:52 GMT" time="6.857" errors="0">
  <testcase name="googleTitleTest" time="6.857" classname="com.test.TitleTest"/>
</testsuite> <!-- com.test.TitleTest -->
